<?xml version="1.0" encoding="UTF-8"?>
<!-- Generated by org.testng.reporters.JUnitReportReporter -->
<testsuite skipped="0" hostname="DESKTOP-JINVOCL" name="test.LoginTest" tests="1" failures="0" timestamp="2021-07-14T12:50:29 CDT" time="4.783" errors="0">
  <testcase name="validUserShouldBeAbleToLogin" time="4.783" classname="test.LoginTest"/>
  <system-out/>
</testsuite> <!-- test.LoginTest -->
