<?xml version="1.0" encoding="UTF-8"?>
<!-- Generated by org.testng.reporters.JUnitReportReporter -->
<testsuite skipped="0" hostname="DESKTOP-JINVOCL" name="test.AddCustomerTest" tests="1" failures="0" timestamp="2021-07-14T14:49:22 CDT" time="12.077" errors="0">
  <testcase name="validUserShouldBeAbleToUseAddCustomerOnListCustomerPage" time="12.077" classname="test.AddCustomerTest"/>
  <system-out/>
</testsuite> <!-- test.AddCustomerTest -->
